mode: set
github.com/anushi/newbatch/Crud-operations/store/store.go:21.58,24.12 2 1
github.com/anushi/newbatch/Crud-operations/store/store.go:27.2,29.16 3 1
github.com/anushi/newbatch/Crud-operations/store/store.go:32.2,32.18 1 1
github.com/anushi/newbatch/Crud-operations/store/store.go:24.12,26.3 1 1
github.com/anushi/newbatch/Crud-operations/store/store.go:29.16,31.3 1 1
github.com/anushi/newbatch/Crud-operations/store/store.go:37.46,39.12 1 1
github.com/anushi/newbatch/Crud-operations/store/store.go:42.2,43.16 2 1
github.com/anushi/newbatch/Crud-operations/store/store.go:46.2,50.12 2 1
github.com/anushi/newbatch/Crud-operations/store/store.go:39.12,41.3 1 1
github.com/anushi/newbatch/Crud-operations/store/store.go:43.16,45.3 1 1
github.com/anushi/newbatch/Crud-operations/store/store.go:55.62,57.16 2 1
github.com/anushi/newbatch/Crud-operations/store/store.go:60.2,64.23 2 1
github.com/anushi/newbatch/Crud-operations/store/store.go:57.16,59.3 1 1
github.com/anushi/newbatch/Crud-operations/store/store.go:69.53,72.16 2 1
github.com/anushi/newbatch/Crud-operations/store/store.go:75.2,75.12 1 1
github.com/anushi/newbatch/Crud-operations/store/store.go:72.16,74.3 1 1
